1479075722750	geckodriver	INFO	Listening on 127.0.0.1:35853
1479075723360	mozprofile::profile	INFO	Using profile path C:\Users\BRYANL~1\AppData\Local\Temp\rust_mozprofile.Js26Lsxzas9t
1479075723367	geckodriver::marionette	INFO	Starting browser C:\Program Files (x86)\Mozilla Firefox\firefox.exe
1479075723378	geckodriver::marionette	INFO	Connecting to Marionette on localhost:35869
1479075723657	addons.manager	DEBUG	Application has been upgraded
1479075723814	addons.manager	DEBUG	Loaded provider scope for resource://gre/modules/addons/XPIProvider.jsm: ["XPIProvider"]
1479075723818	addons.manager	DEBUG	Loaded provider scope for resource://gre/modules/LightweightThemeManager.jsm: ["LightweightThemeManager"]
1479075723825	addons.manager	DEBUG	Loaded provider scope for resource://gre/modules/addons/GMPProvider.jsm
1479075723828	addons.manager	DEBUG	Loaded provider scope for resource://gre/modules/addons/PluginProvider.jsm
1479075723830	addons.manager	DEBUG	Starting provider: XPIProvider
1479075723830	addons.xpi	DEBUG	startup
1479075723832	addons.xpi	INFO	SystemAddonInstallLocation directory is missing
1479075723833	addons.xpi	INFO	Mapping e10srollout@mozilla.org to C:\Program Files (x86)\Mozilla Firefox\browser\features\e10srollout@mozilla.org.xpi
1479075723833	addons.xpi	INFO	Mapping firefox@getpocket.com to C:\Program Files (x86)\Mozilla Firefox\browser\features\firefox@getpocket.com.xpi
1479075723834	addons.xpi	INFO	Mapping webcompat@mozilla.org to C:\Program Files (x86)\Mozilla Firefox\browser\features\webcompat@mozilla.org.xpi
1479075723835	addons.xpi	INFO	Mapping {972ce4c6-7e08-4474-a285-3208198ce6fd} to C:\Program Files (x86)\Mozilla Firefox\browser\extensions\{972ce4c6-7e08-4474-a285-3208198ce6fd}.xpi
1479075723836	addons.xpi	DEBUG	checkForChanges
1479075723837	addons.xpi	DEBUG	Loaded add-on state from prefs: {}
1479075723838	addons.xpi	DEBUG	New add-on e10srollout@mozilla.org in app-system-defaults
1479075723839	addons.xpi	DEBUG	getModTime: Recursive scan of e10srollout@mozilla.org
1479075723840	addons.xpi	DEBUG	New add-on firefox@getpocket.com in app-system-defaults
1479075723840	addons.xpi	DEBUG	getModTime: Recursive scan of firefox@getpocket.com
1479075723841	addons.xpi	DEBUG	New add-on webcompat@mozilla.org in app-system-defaults
1479075723841	addons.xpi	DEBUG	getModTime: Recursive scan of webcompat@mozilla.org
1479075723842	addons.xpi	DEBUG	New add-on {972ce4c6-7e08-4474-a285-3208198ce6fd} in app-global
1479075723843	addons.xpi	DEBUG	getModTime: Recursive scan of {972ce4c6-7e08-4474-a285-3208198ce6fd}
1479075723843	addons.xpi	DEBUG	getInstallState changed: true, state: {"app-system-defaults":{"e10srollout@mozilla.org":{"d":"C:\\Program Files (x86)\\Mozilla Firefox\\browser\\features\\e10srollout@mozilla.org.xpi","st":1476903776000},"firefox@getpocket.com":{"d":"C:\\Program Files (x86)\\Mozilla Firefox\\browser\\features\\firefox@getpocket.com.xpi","st":1476903776000},"webcompat@mozilla.org":{"d":"C:\\Program Files (x86)\\Mozilla Firefox\\browser\\features\\webcompat@mozilla.org.xpi","st":1476903776000}},"app-global":{"{972ce4c6-7e08-4474-a285-3208198ce6fd}":{"d":"C:\\Program Files (x86)\\Mozilla Firefox\\browser\\extensions\\{972ce4c6-7e08-4474-a285-3208198ce6fd}.xpi","st":1476903776000}}}
1479075723857	addons.xpi-utils	DEBUG	Opening XPI database C:\Users\BRYANL~1\AppData\Local\Temp\rust_mozprofile.Js26Lsxzas9t\extensions.json
1479075723859	addons.xpi-utils	DEBUG	New add-on e10srollout@mozilla.org installed in app-system-defaults
*** Blocklist::_loadBlocklistFromFile: blocklist is disabled
1479075723874	DeferredSave.extensions.json	DEBUG	Save changes
1479075723874	addons.xpi-utils	DEBUG	New add-on firefox@getpocket.com installed in app-system-defaults
1479075723882	DeferredSave.extensions.json	DEBUG	Starting timer
1479075723884	DeferredSave.extensions.json	DEBUG	Save changes
1479075723884	addons.xpi-utils	DEBUG	New add-on webcompat@mozilla.org installed in app-system-defaults
1479075723891	DeferredSave.extensions.json	DEBUG	Save changes
1479075723893	addons.xpi-utils	DEBUG	New add-on {972ce4c6-7e08-4474-a285-3208198ce6fd} installed in app-global
1479075723899	DeferredSave.extensions.json	DEBUG	Save changes
1479075723912	addons.xpi	DEBUG	Loading bootstrap scope from C:\Program Files (x86)\Mozilla Firefox\browser\features\e10srollout@mozilla.org.xpi
1479075723932	addons.xpi	DEBUG	Calling bootstrap method install on e10srollout@mozilla.org version 1.3
1479075723934	addons.xpi-utils	DEBUG	Make addon app-system-defaults:e10srollout@mozilla.org visible
1479075723934	DeferredSave.extensions.json	DEBUG	Save changes
1479075723935	addons.xpi	DEBUG	Loading bootstrap scope from C:\Program Files (x86)\Mozilla Firefox\browser\features\firefox@getpocket.com.xpi
1479075723942	addons.xpi	DEBUG	Calling bootstrap method install on firefox@getpocket.com version 1.0.4
1479075723942	addons.xpi-utils	DEBUG	Make addon app-system-defaults:firefox@getpocket.com visible
1479075723943	DeferredSave.extensions.json	DEBUG	Save changes
1479075723945	addons.xpi	DEBUG	Loading bootstrap scope from C:\Program Files (x86)\Mozilla Firefox\browser\features\webcompat@mozilla.org.xpi
1479075723948	addons.xpi	DEBUG	Calling bootstrap method install on webcompat@mozilla.org version 1.0
1479075723948	addons.xpi-utils	DEBUG	Make addon app-system-defaults:webcompat@mozilla.org visible
1479075723948	DeferredSave.extensions.json	DEBUG	Save changes
1479075723949	addons.xpi-utils	DEBUG	Make addon app-global:{972ce4c6-7e08-4474-a285-3208198ce6fd} visible
1479075723949	DeferredSave.extensions.json	DEBUG	Save changes
1479075723950	addons.xpi	DEBUG	Updating XPIState for {"id":"e10srollout@mozilla.org","syncGUID":"QJpdex3t_x9R","location":"app-system-defaults","version":"1.3","type":"extension","internalName":null,"updateURL":null,"updateKey":null,"optionsURL":null,"optionsType":null,"aboutURL":null,"icons":{},"iconURL":null,"icon64URL":null,"defaultLocale":{"name":"Multi-process staged rollout","description":"Staged rollout of Firefox multi-process feature.","creator":null,"homepageURL":null},"visible":true,"active":true,"userDisabled":false,"appDisabled":false,"descriptor":"C:\\Program Files (x86)\\Mozilla Firefox\\browser\\features\\e10srollout@mozilla.org.xpi","installDate":1476903776000,"updateDate":1476903776000,"applyBackgroundUpdates":1,"bootstrap":true,"skinnable":false,"size":6978,"sourceURI":null,"releaseNotesURI":null,"softDisabled":false,"foreignInstall":false,"hasBinaryComponents":false,"strictCompatibility":false,"locales":[],"targetApplications":[{"id":"{ec8030f7-c20a-464f-9b0e-13a3a9e97384}","minVersion":"49.0.2","maxVersion":"49.*"}],"targetPlatforms":[],"multiprocessCompatible":false,"seen":true}
1479075723950	addons.xpi	DEBUG	getModTime: Recursive scan of e10srollout@mozilla.org
1479075723951	addons.xpi	DEBUG	Updating XPIState for {"id":"firefox@getpocket.com","syncGUID":"fl373r2_IMlQ","location":"app-system-defaults","version":"1.0.4","type":"extension","internalName":null,"updateURL":null,"updateKey":null,"optionsURL":null,"optionsType":null,"aboutURL":null,"icons":{},"iconURL":null,"icon64URL":null,"defaultLocale":{"name":"Pocket","description":"When you find something you want to view later, put it in Pocket.","creator":null,"homepageURL":null},"visible":true,"active":true,"userDisabled":false,"appDisabled":false,"descriptor":"C:\\Program Files (x86)\\Mozilla Firefox\\browser\\features\\firefox@getpocket.com.xpi","installDate":1476903776000,"updateDate":1476903776000,"applyBackgroundUpdates":1,"bootstrap":true,"skinnable":false,"size":895234,"sourceURI":null,"releaseNotesURI":null,"softDisabled":false,"foreignInstall":false,"hasBinaryComponents":false,"strictCompatibility":false,"locales":[],"targetApplications":[{"id":"{ec8030f7-c20a-464f-9b0e-13a3a9e97384}","minVersion":"49.0.2","maxVersion":"49.*"}],"targetPlatforms":[],"multiprocessCompatible":false,"seen":true}
1479075723952	addons.xpi	DEBUG	getModTime: Recursive scan of firefox@getpocket.com
1479075723953	addons.xpi	DEBUG	Updating XPIState for {"id":"webcompat@mozilla.org","syncGUID":"tw8eJG3Xvod0","location":"app-system-defaults","version":"1.0","type":"extension","internalName":null,"updateURL":null,"updateKey":null,"optionsURL":null,"optionsType":null,"aboutURL":null,"icons":{},"iconURL":null,"icon64URL":null,"defaultLocale":{"name":"Web Compat","description":"Urgent post-release fixes for web compatibility.","creator":null,"homepageURL":null},"visible":true,"active":true,"userDisabled":false,"appDisabled":false,"descriptor":"C:\\Program Files (x86)\\Mozilla Firefox\\browser\\features\\webcompat@mozilla.org.xpi","installDate":1476903776000,"updateDate":1476903776000,"applyBackgroundUpdates":1,"bootstrap":true,"skinnable":false,"size":1502,"sourceURI":null,"releaseNotesURI":null,"softDisabled":false,"foreignInstall":false,"hasBinaryComponents":false,"strictCompatibility":false,"locales":[],"targetApplications":[{"id":"{ec8030f7-c20a-464f-9b0e-13a3a9e97384}","minVersion":"49.0.2","maxVersion":"49.*"}],"targetPlatforms":[],"multiprocessCompatible":false,"seen":true}
1479075723953	addons.xpi	DEBUG	getModTime: Recursive scan of webcompat@mozilla.org
1479075723954	addons.xpi	DEBUG	Updating XPIState for {"id":"{972ce4c6-7e08-4474-a285-3208198ce6fd}","syncGUID":"8BW4B_yi4S4q","location":"app-global","version":"49.0.2","type":"theme","internalName":"classic/1.0","updateURL":null,"updateKey":null,"optionsURL":null,"optionsType":null,"aboutURL":null,"icons":{"32":"icon.png","48":"icon.png"},"iconURL":null,"icon64URL":null,"defaultLocale":{"name":"Default","description":"The default theme.","creator":"Mozilla","homepageURL":null,"contributors":["Mozilla Contributors"]},"visible":true,"active":true,"userDisabled":false,"appDisabled":false,"descriptor":"C:\\Program Files (x86)\\Mozilla Firefox\\browser\\extensions\\{972ce4c6-7e08-4474-a285-3208198ce6fd}.xpi","installDate":1476903776000,"updateDate":1476903776000,"applyBackgroundUpdates":1,"skinnable":true,"size":21905,"sourceURI":null,"releaseNotesURI":null,"softDisabled":false,"foreignInstall":false,"hasBinaryComponents":false,"strictCompatibility":true,"locales":[],"targetApplications":[{"id":"{ec8030f7-c20a-464f-9b0e-13a3a9e97384}","minVersion":"49.0.2","maxVersion":"49.0.2"}],"targetPlatforms":[],"seen":true}
1479075723954	addons.xpi	DEBUG	getModTime: Recursive scan of {972ce4c6-7e08-4474-a285-3208198ce6fd}
1479075723955	DeferredSave.extensions.json	DEBUG	Save changes
1479075723955	addons.xpi	DEBUG	Updating database with changes to installed add-ons
1479075723956	addons.xpi-utils	DEBUG	Updating add-on states
1479075723957	addons.xpi-utils	DEBUG	Writing add-ons list
1479075723960	addons.xpi	DEBUG	Registering manifest for C:\Program Files (x86)\Mozilla Firefox\browser\features\e10srollout@mozilla.org.xpi
1479075723961	addons.xpi	DEBUG	Calling bootstrap method startup on e10srollout@mozilla.org version 1.3
1479075723962	addons.xpi	DEBUG	Registering manifest for C:\Program Files (x86)\Mozilla Firefox\browser\features\firefox@getpocket.com.xpi
1479075723962	addons.xpi	DEBUG	Calling bootstrap method startup on firefox@getpocket.com version 1.0.4
1479075723966	addons.xpi	DEBUG	Registering manifest for C:\Program Files (x86)\Mozilla Firefox\browser\features\webcompat@mozilla.org.xpi
1479075723966	addons.xpi	DEBUG	Calling bootstrap method startup on webcompat@mozilla.org version 1.0
1479075723970	addons.manager	DEBUG	Registering shutdown blocker for XPIProvider
1479075723971	addons.manager	DEBUG	Provider finished startup: XPIProvider
1479075723971	addons.manager	DEBUG	Starting provider: LightweightThemeManager
1479075723971	addons.manager	DEBUG	Registering shutdown blocker for LightweightThemeManager
1479075723971	addons.manager	DEBUG	Provider finished startup: LightweightThemeManager
1479075723972	addons.manager	DEBUG	Starting provider: GMPProvider
1479075723988	addons.manager	DEBUG	Registering shutdown blocker for GMPProvider
1479075723988	addons.manager	DEBUG	Provider finished startup: GMPProvider
1479075723989	addons.manager	DEBUG	Starting provider: PluginProvider
1479075723989	addons.manager	DEBUG	Registering shutdown blocker for PluginProvider
1479075723990	addons.manager	DEBUG	Provider finished startup: PluginProvider
1479075723991	addons.manager	DEBUG	Completed startup sequence
1479075724733	Marionette	INFO	Listening on port 35869
1479075726153	addons.manager	DEBUG	Starting provider: <unnamed-provider>
1479075726153	addons.manager	DEBUG	Registering shutdown blocker for <unnamed-provider>
1479075726154	addons.manager	DEBUG	Provider finished startup: <unnamed-provider>
1479075726204	addons.manager	DEBUG	Starting provider: PreviousExperimentProvider
1479075726204	addons.manager	DEBUG	Registering shutdown blocker for PreviousExperimentProvider
1479075726204	addons.manager	DEBUG	Provider finished startup: PreviousExperimentProvider
1479075726207	DeferredSave.extensions.json	DEBUG	Starting write
1479075726512	DeferredSave.extensions.json	DEBUG	Write succeeded
1479075726513	addons.xpi-utils	DEBUG	XPI Database saved, setting schema version preference to 17
1479075728023	Marionette	INFO	startBrowser 7e68bc0d-2b0a-411d-af0f-cab9d997c4d0
[GFX1-]: Detected rendering device reset on refresh: 3
[Child 10136] ###!!! ABORT: Aborting on channel error.: file c:/builds/moz2_slave/m-rel-w32-00000000000000000000/build/src/ipc/glue/MessageChannel.cpp, line 2052
