1479604242505	geckodriver	INFO	Listening on 127.0.0.1:54957
1479604242799	mozprofile::profile	INFO	Using profile path C:\Users\BRYANL~1\AppData\Local\Temp\rust_mozprofile.SxXfVJZfK6Fr
1479604242822	geckodriver::marionette	INFO	Starting browser C:\Program Files (x86)\Mozilla Firefox\firefox.exe
1479604242832	geckodriver::marionette	INFO	Connecting to Marionette on localhost:54967
1479604244240	addons.manager	DEBUG	Application has been upgraded
1479604244608	addons.manager	DEBUG	Loaded provider scope for resource://gre/modules/addons/XPIProvider.jsm: ["XPIProvider"]
1479604244611	addons.manager	DEBUG	Loaded provider scope for resource://gre/modules/LightweightThemeManager.jsm: ["LightweightThemeManager"]
1479604244617	addons.manager	DEBUG	Loaded provider scope for resource://gre/modules/addons/GMPProvider.jsm
1479604244620	addons.manager	DEBUG	Loaded provider scope for resource://gre/modules/addons/PluginProvider.jsm
1479604244621	addons.manager	DEBUG	Starting provider: XPIProvider
1479604244621	addons.xpi	DEBUG	startup
1479604244622	addons.xpi	INFO	SystemAddonInstallLocation directory is missing
1479604244636	addons.xpi	INFO	Mapping e10srollout@mozilla.org to C:\Program Files (x86)\Mozilla Firefox\browser\features\e10srollout@mozilla.org.xpi
1479604244636	addons.xpi	INFO	Mapping firefox@getpocket.com to C:\Program Files (x86)\Mozilla Firefox\browser\features\firefox@getpocket.com.xpi
1479604244636	addons.xpi	INFO	Mapping webcompat@mozilla.org to C:\Program Files (x86)\Mozilla Firefox\browser\features\webcompat@mozilla.org.xpi
1479604244638	addons.xpi	INFO	Mapping {972ce4c6-7e08-4474-a285-3208198ce6fd} to C:\Program Files (x86)\Mozilla Firefox\browser\extensions\{972ce4c6-7e08-4474-a285-3208198ce6fd}.xpi
1479604244638	addons.xpi	DEBUG	checkForChanges
1479604244639	addons.xpi	DEBUG	Loaded add-on state from prefs: {}
1479604244640	addons.xpi	DEBUG	New add-on e10srollout@mozilla.org in app-system-defaults
1479604244641	addons.xpi	DEBUG	getModTime: Recursive scan of e10srollout@mozilla.org
1479604244641	addons.xpi	DEBUG	New add-on firefox@getpocket.com in app-system-defaults
1479604244642	addons.xpi	DEBUG	getModTime: Recursive scan of firefox@getpocket.com
1479604244642	addons.xpi	DEBUG	New add-on webcompat@mozilla.org in app-system-defaults
1479604244642	addons.xpi	DEBUG	getModTime: Recursive scan of webcompat@mozilla.org
1479604244643	addons.xpi	DEBUG	New add-on {972ce4c6-7e08-4474-a285-3208198ce6fd} in app-global
1479604244643	addons.xpi	DEBUG	getModTime: Recursive scan of {972ce4c6-7e08-4474-a285-3208198ce6fd}
1479604244644	addons.xpi	DEBUG	getInstallState changed: true, state: {"app-system-defaults":{"e10srollout@mozilla.org":{"d":"C:\\Program Files (x86)\\Mozilla Firefox\\browser\\features\\e10srollout@mozilla.org.xpi","st":1476903776000},"firefox@getpocket.com":{"d":"C:\\Program Files (x86)\\Mozilla Firefox\\browser\\features\\firefox@getpocket.com.xpi","st":1476903776000},"webcompat@mozilla.org":{"d":"C:\\Program Files (x86)\\Mozilla Firefox\\browser\\features\\webcompat@mozilla.org.xpi","st":1476903776000}},"app-global":{"{972ce4c6-7e08-4474-a285-3208198ce6fd}":{"d":"C:\\Program Files (x86)\\Mozilla Firefox\\browser\\extensions\\{972ce4c6-7e08-4474-a285-3208198ce6fd}.xpi","st":1476903776000}}}
1479604244653	addons.xpi-utils	DEBUG	Opening XPI database C:\Users\BRYANL~1\AppData\Local\Temp\rust_mozprofile.SxXfVJZfK6Fr\extensions.json
1479604244654	addons.xpi-utils	DEBUG	New add-on e10srollout@mozilla.org installed in app-system-defaults
*** Blocklist::_loadBlocklistFromFile: blocklist is disabled
1479604244696	DeferredSave.extensions.json	DEBUG	Save changes
1479604244697	addons.xpi-utils	DEBUG	New add-on firefox@getpocket.com installed in app-system-defaults
1479604244726	DeferredSave.extensions.json	DEBUG	Starting timer
1479604244727	DeferredSave.extensions.json	DEBUG	Save changes
1479604244727	addons.xpi-utils	DEBUG	New add-on webcompat@mozilla.org installed in app-system-defaults
1479604244753	DeferredSave.extensions.json	DEBUG	Save changes
1479604244754	addons.xpi-utils	DEBUG	New add-on {972ce4c6-7e08-4474-a285-3208198ce6fd} installed in app-global
1479604244771	DeferredSave.extensions.json	DEBUG	Save changes
1479604244778	addons.xpi	DEBUG	Loading bootstrap scope from C:\Program Files (x86)\Mozilla Firefox\browser\features\e10srollout@mozilla.org.xpi
1479604244790	addons.xpi	DEBUG	Calling bootstrap method install on e10srollout@mozilla.org version 1.3
1479604244792	addons.xpi-utils	DEBUG	Make addon app-system-defaults:e10srollout@mozilla.org visible
1479604244792	DeferredSave.extensions.json	DEBUG	Save changes
1479604244792	addons.xpi	DEBUG	Loading bootstrap scope from C:\Program Files (x86)\Mozilla Firefox\browser\features\firefox@getpocket.com.xpi
1479604244796	addons.xpi	DEBUG	Calling bootstrap method install on firefox@getpocket.com version 1.0.4
1479604244796	addons.xpi-utils	DEBUG	Make addon app-system-defaults:firefox@getpocket.com visible
1479604244797	DeferredSave.extensions.json	DEBUG	Save changes
1479604244798	addons.xpi	DEBUG	Loading bootstrap scope from C:\Program Files (x86)\Mozilla Firefox\browser\features\webcompat@mozilla.org.xpi
1479604244800	addons.xpi	DEBUG	Calling bootstrap method install on webcompat@mozilla.org version 1.0
1479604244800	addons.xpi-utils	DEBUG	Make addon app-system-defaults:webcompat@mozilla.org visible
1479604244800	DeferredSave.extensions.json	DEBUG	Save changes
1479604244800	addons.xpi-utils	DEBUG	Make addon app-global:{972ce4c6-7e08-4474-a285-3208198ce6fd} visible
1479604244800	DeferredSave.extensions.json	DEBUG	Save changes
1479604244801	addons.xpi	DEBUG	Updating XPIState for {"id":"e10srollout@mozilla.org","syncGUID":"svZAxu8H5ulJ","location":"app-system-defaults","version":"1.3","type":"extension","internalName":null,"updateURL":null,"updateKey":null,"optionsURL":null,"optionsType":null,"aboutURL":null,"icons":{},"iconURL":null,"icon64URL":null,"defaultLocale":{"name":"Multi-process staged rollout","description":"Staged rollout of Firefox multi-process feature.","creator":null,"homepageURL":null},"visible":true,"active":true,"userDisabled":false,"appDisabled":false,"descriptor":"C:\\Program Files (x86)\\Mozilla Firefox\\browser\\features\\e10srollout@mozilla.org.xpi","installDate":1476903776000,"updateDate":1476903776000,"applyBackgroundUpdates":1,"bootstrap":true,"skinnable":false,"size":6978,"sourceURI":null,"releaseNotesURI":null,"softDisabled":false,"foreignInstall":false,"hasBinaryComponents":false,"strictCompatibility":false,"locales":[],"targetApplications":[{"id":"{ec8030f7-c20a-464f-9b0e-13a3a9e97384}","minVersion":"49.0.2","maxVersion":"49.*"}],"targetPlatforms":[],"multiprocessCompatible":false,"seen":true}
1479604244801	addons.xpi	DEBUG	getModTime: Recursive scan of e10srollout@mozilla.org
1479604244802	addons.xpi	DEBUG	Updating XPIState for {"id":"firefox@getpocket.com","syncGUID":"ZrTXFHFBNqhW","location":"app-system-defaults","version":"1.0.4","type":"extension","internalName":null,"updateURL":null,"updateKey":null,"optionsURL":null,"optionsType":null,"aboutURL":null,"icons":{},"iconURL":null,"icon64URL":null,"defaultLocale":{"name":"Pocket","description":"When you find something you want to view later, put it in Pocket.","creator":null,"homepageURL":null},"visible":true,"active":true,"userDisabled":false,"appDisabled":false,"descriptor":"C:\\Program Files (x86)\\Mozilla Firefox\\browser\\features\\firefox@getpocket.com.xpi","installDate":1476903776000,"updateDate":1476903776000,"applyBackgroundUpdates":1,"bootstrap":true,"skinnable":false,"size":895234,"sourceURI":null,"releaseNotesURI":null,"softDisabled":false,"foreignInstall":false,"hasBinaryComponents":false,"strictCompatibility":false,"locales":[],"targetApplications":[{"id":"{ec8030f7-c20a-464f-9b0e-13a3a9e97384}","minVersion":"49.0.2","maxVersion":"49.*"}],"targetPlatforms":[],"multiprocessCompatible":false,"seen":true}
1479604244802	addons.xpi	DEBUG	getModTime: Recursive scan of firefox@getpocket.com
1479604244802	addons.xpi	DEBUG	Updating XPIState for {"id":"webcompat@mozilla.org","syncGUID":"CzRXQ_JtGYWA","location":"app-system-defaults","version":"1.0","type":"extension","internalName":null,"updateURL":null,"updateKey":null,"optionsURL":null,"optionsType":null,"aboutURL":null,"icons":{},"iconURL":null,"icon64URL":null,"defaultLocale":{"name":"Web Compat","description":"Urgent post-release fixes for web compatibility.","creator":null,"homepageURL":null},"visible":true,"active":true,"userDisabled":false,"appDisabled":false,"descriptor":"C:\\Program Files (x86)\\Mozilla Firefox\\browser\\features\\webcompat@mozilla.org.xpi","installDate":1476903776000,"updateDate":1476903776000,"applyBackgroundUpdates":1,"bootstrap":true,"skinnable":false,"size":1502,"sourceURI":null,"releaseNotesURI":null,"softDisabled":false,"foreignInstall":false,"hasBinaryComponents":false,"strictCompatibility":false,"locales":[],"targetApplications":[{"id":"{ec8030f7-c20a-464f-9b0e-13a3a9e97384}","minVersion":"49.0.2","maxVersion":"49.*"}],"targetPlatforms":[],"multiprocessCompatible":false,"seen":true}
1479604244802	addons.xpi	DEBUG	getModTime: Recursive scan of webcompat@mozilla.org
1479604244803	addons.xpi	DEBUG	Updating XPIState for {"id":"{972ce4c6-7e08-4474-a285-3208198ce6fd}","syncGUID":"0pATiRpSIcWF","location":"app-global","version":"49.0.2","type":"theme","internalName":"classic/1.0","updateURL":null,"updateKey":null,"optionsURL":null,"optionsType":null,"aboutURL":null,"icons":{"32":"icon.png","48":"icon.png"},"iconURL":null,"icon64URL":null,"defaultLocale":{"name":"Default","description":"The default theme.","creator":"Mozilla","homepageURL":null,"contributors":["Mozilla Contributors"]},"visible":true,"active":true,"userDisabled":false,"appDisabled":false,"descriptor":"C:\\Program Files (x86)\\Mozilla Firefox\\browser\\extensions\\{972ce4c6-7e08-4474-a285-3208198ce6fd}.xpi","installDate":1476903776000,"updateDate":1476903776000,"applyBackgroundUpdates":1,"skinnable":true,"size":21905,"sourceURI":null,"releaseNotesURI":null,"softDisabled":false,"foreignInstall":false,"hasBinaryComponents":false,"strictCompatibility":true,"locales":[],"targetApplications":[{"id":"{ec8030f7-c20a-464f-9b0e-13a3a9e97384}","minVersion":"49.0.2","maxVersion":"49.0.2"}],"targetPlatforms":[],"seen":true}
1479604244803	addons.xpi	DEBUG	getModTime: Recursive scan of {972ce4c6-7e08-4474-a285-3208198ce6fd}
1479604244804	DeferredSave.extensions.json	DEBUG	Save changes
1479604244804	addons.xpi	DEBUG	Updating database with changes to installed add-ons
1479604244804	addons.xpi-utils	DEBUG	Updating add-on states
1479604244805	addons.xpi-utils	DEBUG	Writing add-ons list
1479604244807	addons.xpi	DEBUG	Registering manifest for C:\Program Files (x86)\Mozilla Firefox\browser\features\e10srollout@mozilla.org.xpi
1479604244807	addons.xpi	DEBUG	Calling bootstrap method startup on e10srollout@mozilla.org version 1.3
1479604244808	addons.xpi	DEBUG	Registering manifest for C:\Program Files (x86)\Mozilla Firefox\browser\features\firefox@getpocket.com.xpi
1479604244808	addons.xpi	DEBUG	Calling bootstrap method startup on firefox@getpocket.com version 1.0.4
1479604244809	addons.xpi	DEBUG	Registering manifest for C:\Program Files (x86)\Mozilla Firefox\browser\features\webcompat@mozilla.org.xpi
1479604244809	addons.xpi	DEBUG	Calling bootstrap method startup on webcompat@mozilla.org version 1.0
1479604244811	addons.manager	DEBUG	Registering shutdown blocker for XPIProvider
1479604244812	addons.manager	DEBUG	Provider finished startup: XPIProvider
1479604244812	addons.manager	DEBUG	Starting provider: LightweightThemeManager
1479604244812	addons.manager	DEBUG	Registering shutdown blocker for LightweightThemeManager
1479604244812	addons.manager	DEBUG	Provider finished startup: LightweightThemeManager
1479604244813	addons.manager	DEBUG	Starting provider: GMPProvider
1479604244821	addons.manager	DEBUG	Registering shutdown blocker for GMPProvider
1479604244821	addons.manager	DEBUG	Provider finished startup: GMPProvider
1479604244821	addons.manager	DEBUG	Starting provider: PluginProvider
1479604244821	addons.manager	DEBUG	Registering shutdown blocker for PluginProvider
1479604244822	addons.manager	DEBUG	Provider finished startup: PluginProvider
1479604244822	addons.manager	DEBUG	Completed startup sequence
1479604245568	Marionette	INFO	Listening on port 54967
1479604246995	addons.manager	DEBUG	Starting provider: <unnamed-provider>
1479604246995	addons.manager	DEBUG	Registering shutdown blocker for <unnamed-provider>
1479604246996	addons.manager	DEBUG	Provider finished startup: <unnamed-provider>
1479604247392	addons.manager	DEBUG	Starting provider: PreviousExperimentProvider
1479604247392	addons.manager	DEBUG	Registering shutdown blocker for PreviousExperimentProvider
1479604247393	addons.manager	DEBUG	Provider finished startup: PreviousExperimentProvider
1479604247396	DeferredSave.extensions.json	DEBUG	Starting write
1479604247831	DeferredSave.extensions.json	DEBUG	Write succeeded
1479604247832	addons.xpi-utils	DEBUG	XPI Database saved, setting schema version preference to 17
1479604250511	Marionette	INFO	startBrowser 1cbeb45f-3b3c-4e9f-8255-5d8359e6cea1
[Child 8700] ###!!! ABORT: Aborting on channel error.: file c:/builds/moz2_slave/m-rel-w32-00000000000000000000/build/src/ipc/glue/MessageChannel.cpp, line 2052
000000/build/src/ipc/glue/MessageChannel.cpp, line 2052
